2014-04-15 20:16:53 [INFO] Starting minecraft server version 1.6.4
2014-04-15 20:16:53 [INFO] Loading properties
2014-04-15 20:16:53 [WARNING] server.properties does not exist
2014-04-15 20:16:53 [INFO] Generating new properties file
2014-04-15 20:16:53 [INFO] Default game type: SURVIVAL
2014-04-15 20:16:53 [INFO] Generating keypair
2014-04-15 20:16:53 [INFO] Starting Minecraft server on *:25565
2014-04-15 20:16:53 [INFO] This server is running CraftBukkit version git-Bukkit-1.6.4-R2.0-b2918jnks (MC: 1.6.4) (Implementing API version 1.6.4-R2.0)
2014-04-15 20:16:53 [WARNING] Failed to load operators list: java.io.FileNotFoundException: .\ops.txt (The system cannot find the file specified)
2014-04-15 20:16:53 [WARNING] Failed to load white-list: java.io.FileNotFoundException: .\white-list.txt (The system cannot find the file specified)
2014-04-15 20:16:53 [INFO] Preparing level "world"
2014-04-15 20:16:53 [INFO] Preparing start region for level 0 (Seed: -54162745704915758)
2014-04-15 20:16:54 [INFO] Preparing spawn area: 16%
2014-04-15 20:16:55 [INFO] Preparing spawn area: 31%
2014-04-15 20:16:56 [INFO] Preparing spawn area: 44%
2014-04-15 20:16:57 [INFO] Preparing spawn area: 60%
2014-04-15 20:16:58 [INFO] Preparing spawn area: 74%
2014-04-15 20:16:59 [INFO] Preparing spawn area: 87%
2014-04-15 20:17:00 [INFO] Preparing start region for level 1 (Seed: -54162745704915758)
2014-04-15 20:17:01 [INFO] Preparing spawn area: 21%
2014-04-15 20:17:02 [INFO] Preparing spawn area: 33%
2014-04-15 20:17:03 [INFO] Preparing spawn area: 43%
2014-04-15 20:17:04 [INFO] Preparing spawn area: 56%
2014-04-15 20:17:05 [INFO] Preparing spawn area: 78%
2014-04-15 20:17:06 [INFO] Preparing spawn area: 95%
2014-04-15 20:17:07 [INFO] Preparing start region for level 2 (Seed: -54162745704915758)
2014-04-15 20:17:08 [INFO] Preparing spawn area: 48%
2014-04-15 20:17:09 [INFO] Done (15.447s)! For help, type "help" or "?"
2014-04-15 20:17:32 [INFO] CONSOLE: Stopping the server..
2014-04-15 20:17:32 [INFO] Stopping server
2014-04-15 20:17:32 [INFO] Saving players
2014-04-15 20:17:32 [WARNING] DSCT: socket closed
2014-04-15 20:17:32 [INFO] Closing listening thread
2014-04-15 20:17:32 [INFO] Saving worlds
2014-04-15 20:17:32 [INFO] Saving chunks for level 'world'/Overworld
2014-04-15 20:17:33 [INFO] Saving chunks for level 'world_nether'/Nether
2014-04-15 20:17:34 [INFO] Saving chunks for level 'world_the_end'/The End
